<?xml version="1.0" encoding="UTF-8"?>
<!-- Generated by org.testng.reporters.JUnitReportReporter -->
<testsuite skipped="0" hostname="DESKTOP-RUAD0RO" name="com.xyz.OrangeHrmApplication.testCases.DataDrivenTesting" tests="3" failures="0" timestamp="10 Dec 2020 17:10:08 GMT" time="57.145" errors="0">
  <testcase name="dataDrivenTest" time="21.170" classname="com.xyz.OrangeHrmApplication.testCases.DataDrivenTesting"/>
  <testcase name="dataDrivenTest" time="18.123" classname="com.xyz.OrangeHrmApplication.testCases.DataDrivenTesting"/>
  <testcase name="dataDrivenTest" time="17.852" classname="com.xyz.OrangeHrmApplication.testCases.DataDrivenTesting"/>
</testsuite> <!-- com.xyz.OrangeHrmApplication.testCases.DataDrivenTesting -->
