<?xml version="1.0" encoding="UTF-8"?>
<!-- Generated by org.testng.reporters.JUnitReportReporter -->
<testsuite skipped="0" hostname="DESKTOP-RUAD0RO" name="com.xyz.OrangeHrmApplication.testCases.testCase_001" tests="1" failures="0" timestamp="10 Dec 2020 17:24:54 GMT" time="20.341" errors="0">
  <testcase name="test_001" time="20.341" classname="com.xyz.OrangeHrmApplication.testCases.testCase_001"/>
</testsuite> <!-- com.xyz.OrangeHrmApplication.testCases.testCase_001 -->
